   1   1   1   0   0   0  Jan
   1   1  11   2   0   0  Jan
   1   1   1   0   0   0  Jan
   1   1  11   2   0   0  Jan
   1   1   1   0   0   0  Jan
   1   1  11   2   0   0  Jan
   1   1   1   0   0   0  Jan
   1   1  11   2   0   0  Jan
   1   1   1   0   0   0  Jan
   1   1  11   2   0   0  Jan
   1   1   1   0   0   0  Jan
   1   1  11   2   0   0  Jan
   1   1   1   0   0   0  Jan
   1   1  11   2   0   0  Jan
   1   1   1   0   0   0  Jan
   1   1  11   2   0   0  Jan
   1   1   1   0   0   0  Jan
   1   1  11   2   0   0  Jan
   1   1   1   0   0   0  Jan
   1   1  11   2   0   0  Jan
   1   1   1   0   0   0  Jan
   1   1  11   2   0   0  Jan
   1   1   1   0   0   0  Jan
   1   1  11   2   0   0  Jan
   1   1   1   0   0   0  Jan
   1   1  11   2   0   0  Jan
   1   1   1   0   0   0  Jan
   1   1  11   2   0   0  Jan
   1   1   1   0   0   0  Jan
   1   1  11   2   0   0  Jan
   1   1   1   0   0   0  Jan
   1   1  11   2   0   0  Jan
   1   1   1   0   0   0  Jan
   1   1  11   2   0   0  Jan
   1   1   1   0   0   0  Jan
   1   1  11   2   0   0  Jan
   1   1   1   0   0   0  Jan
   1   1  11   2   0   0  Jan
   1   1   1   0   0   0  Jan
   1   1  11   2   0   0  Jan
   1   1   1   0   0   0  Jan
   1   1  11   2   0   0  Jan
   1   1   1   0   0   0  Jan
   1   1  11   2   0   0  Jan
